Indexing all timetable...
Indexing timetable for: 40897

Got authentication keys.
Adding: Monday, 07-Sep-2015 01:00:05 ACST
Adding: Tuesday, 08-Sep-2015 01:00:05 ACST
Adding: Wednesday, 09-Sep-2015 01:00:05 ACST
Adding: Thursday, 10-Sep-2015 01:00:05 ACST
Adding: Friday, 11-Sep-2015 01:00:05 ACST
Adding: Monday, 14-Sep-2015 01:00:05 ACST
Adding: Tuesday, 15-Sep-2015 01:00:05 ACST
Adding: Wednesday, 16-Sep-2015 01:00:05 ACST
Adding: Thursday, 17-Sep-2015 01:00:05 ACST
Adding: Friday, 18-Sep-2015 01:00:05 ACST
Purging old lessons.
Inserted new lessons.
Done.
Indexing timetable for: 41551
Got authentication keys.
Adding: Monday, 07-Sep-2015 01:00:44 ACST
Adding: Tuesday, 08-Sep-2015 01:00:44 ACST
Adding: Wednesday, 09-Sep-2015 01:00:44 ACST
Adding: Thursday, 10-Sep-2015 01:00:44 ACST
Adding: Friday, 11-Sep-2015 01:00:44 ACST
Adding: Monday, 14-Sep-2015 01:00:44 ACST
Adding: Tuesday, 15-Sep-2015 01:00:44 ACST
Adding: Wednesday, 16-Sep-2015 01:00:44 ACST
Adding: Thursday, 17-Sep-2015 01:00:44 ACST
Adding: Friday, 18-Sep-2015 01:00:44 ACST
Purging old lessons.
Inserted new lessons.
Done.
Indexing timetable for: 43174
Got authentication keys.
Adding: Monday, 07-Sep-2015 01:01:22 ACST
Adding: Tuesday, 08-Sep-2015 01:01:22 ACST
Adding: Wednesday, 09-Sep-2015 01:01:22 ACST
Adding: Thursday, 10-Sep-2015 01:01:22 ACST
Adding: Friday, 11-Sep-2015 01:01:22 ACST
Adding: Monday, 14-Sep-2015 01:01:22 ACST
Adding: Tuesday, 15-Sep-2015 01:01:22 ACST
Adding: Wednesday, 16-Sep-2015 01:01:22 ACST
Adding: Thursday, 17-Sep-2015 01:01:22 ACST
Adding: Friday, 18-Sep-2015 01:01:22 ACST
Purging old lessons.
Inserted new lessons.
Done.
Indexing timetable for: 43241
Got authentication keys.
Adding: Monday, 07-Sep-2015 01:01:59 ACST
Adding: Tuesday, 08-Sep-2015 01:01:59 ACST
Adding: Wednesday, 09-Sep-2015 01:01:59 ACST
Adding: Thursday, 10-Sep-2015 01:01:59 ACST
Adding: Friday, 11-Sep-2015 01:01:59 ACST
Adding: Monday, 14-Sep-2015 01:01:59 ACST
Adding: Tuesday, 15-Sep-2015 01:01:59 ACST
Adding: Wednesday, 16-Sep-2015 01:01:59 ACST
Adding: Thursday, 17-Sep-2015 01:01:59 ACST
Adding: Friday, 18-Sep-2015 01:01:59 ACST
Purging old lessons.
Inserted new lessons.
Done.
Indexing timetable for: 43297
Got authentication keys.
Adding: Monday, 07-Sep-2015 01:02:37 ACST
Adding: Tuesday, 08-Sep-2015 01:02:37 ACST
Adding: Wednesday, 09-Sep-2015 01:02:37 ACST
Adding: Thursday, 10-Sep-2015 01:02:37 ACST
Adding: Friday, 11-Sep-2015 01:02:37 ACST
Adding: Monday, 14-Sep-2015 01:02:37 ACST
Adding: Tuesday, 15-Sep-2015 01:02:37 ACST
Adding: Wednesday, 16-Sep-2015 01:02:37 ACST
Adding: Thursday, 17-Sep-2015 01:02:37 ACST
Adding: Friday, 18-Sep-2015 01:02:37 ACST
Purging old lessons.
Inserted new lessons.
Done.
Indexing timetable for: 43332
Got authentication keys.
Adding: Monday, 07-Sep-2015 01:03:14 ACST
Adding: Tuesday, 08-Sep-2015 01:03:14 ACST
Adding: Wednesday, 09-Sep-2015 01:03:14 ACST
Adding: Thursday, 10-Sep-2015 01:03:14 ACST
Adding: Friday, 11-Sep-2015 01:03:14 ACST
Adding: Monday, 14-Sep-2015 01:03:14 ACST
Adding: Tuesday, 15-Sep-2015 01:03:14 ACST
Adding: Wednesday, 16-Sep-2015 01:03:14 ACST
Adding: Thursday, 17-Sep-2015 01:03:14 ACST
Adding: Friday, 18-Sep-2015 01:03:14 ACST
Purging old lessons.
Inserted new lessons.
Done.
Indexing timetable for: 43439
Got authentication keys.
Adding: Monday, 07-Sep-2015 01:03:52 ACST
Adding: Tuesday, 08-Sep-2015 01:03:52 ACST
Adding: Wednesday, 09-Sep-2015 01:03:52 ACST
Adding: Thursday, 10-Sep-2015 01:03:52 ACST
Adding: Friday, 11-Sep-2015 01:03:52 ACST
Adding: Monday, 14-Sep-2015 01:03:52 ACST
Adding: Tuesday, 15-Sep-2015 01:03:52 ACST
Adding: Wednesday, 16-Sep-2015 01:03:52 ACST
Adding: Thursday, 17-Sep-2015 01:03:52 ACST
Adding: Friday, 18-Sep-2015 01:03:52 ACST
Purging old lessons.
Inserted new lessons.
Done.
Indexing timetable for: 43974
Got authentication keys.
Adding: Monday, 07-Sep-2015 01:04:30 ACST
Adding: Tuesday, 08-Sep-2015 01:04:30 ACST
Adding: Wednesday, 09-Sep-2015 01:04:30 ACST
Adding: Thursday, 10-Sep-2015 01:04:30 ACST
Adding: Friday, 11-Sep-2015 01:04:30 ACST
Adding: Monday, 14-Sep-2015 01:04:30 ACST
Adding: Tuesday, 15-Sep-2015 01:04:30 ACST
Adding: Wednesday, 16-Sep-2015 01:04:30 ACST
Adding: Thursday, 17-Sep-2015 01:04:30 ACST
